{"uid":"4b4757e66a1912dae1a509f688f20b0f","name":"categories","children":[{"name":"Product defects","children":[{"name":"AssertionError: Test failed with errors: ['Assertion failed: User email matches : assert False']\nassert not ['Assertion failed: User email matches : assert False']","children":[{"name":"test_create_user","uid":"515432c7fd41972c","parentUid":"ed0877570229ee6f2811d95450934ec0","status":"failed","time":{"start":1752763917365,"stop":1752763918415,"duration":1050},"flaky":false,"newFailed":false,"newPassed":false,"newBroken":false,"retriesCount":0,"retriesStatusChange":false,"parameters":[],"tags":[]}],"uid":"ed0877570229ee6f2811d95450934ec0"},{"name":"AssertionError: Failed to update user - status code: 404\nassert 404 == 200\n +  where 404 = <Response [404]>.status_code","children":[{"name":"test_update_user","uid":"3b8a28f403fcebe8","parentUid":"8ff8d7dc3dac260e81925b70e10f3735","status":"failed","time":{"start":1752763918499,"stop":1752763919468,"duration":969},"flaky":false,"newFailed":false,"newPassed":false,"newBroken":false,"retriesCount":0,"retriesStatusChange":false,"parameters":[],"tags":[]}],"uid":"8ff8d7dc3dac260e81925b70e10f3735"}],"uid":"8fb3a91ba5aaf9de24cc8a92edc82b5d"}]}